<?xml version="1.0" encoding="UTF-8"?>
<testng-results total="2" passed="2" failed="0" skipped="0">
  <reporter-output>
  </reporter-output>
  <suite started-at="2023-06-17T17:58:20Z" name="Default suite" finished-at="2023-06-17T17:58:37Z" duration-ms="17004">
    <groups>
    </groups>
    <test started-at="2023-06-17T17:58:20Z" name="Default test" finished-at="2023-06-17T17:58:37Z" duration-ms="17004">
      <class name="com.unitech.psptech.testCases.HomePage_TS_001">
        <test-method is-config="true" signature="setup()[pri:0, instance:com.unitech.psptech.testCases.HomePage_TS_001@1b75c2e3]" started-at="2023-06-17T13:58:20Z" name="setup" finished-at="2023-06-17T13:58:33Z" duration-ms="13053" status="PASS">
          <reporter-output>
          </reporter-output>
        </test-method> <!-- setup -->
        <test-method signature="TC_001_ClickHeaderHomeButton()[pri:0, instance:com.unitech.psptech.testCases.HomePage_TS_001@1b75c2e3]" started-at="2023-06-17T13:58:33Z" name="TC_001_ClickHeaderHomeButton" finished-at="2023-06-17T13:58:34Z" duration-ms="678" status="PASS">
          <reporter-output>
          </reporter-output>
        </test-method> <!-- TC_001_ClickHeaderHomeButton -->
        <test-method signature="TC_002_Mouse_Over_Software_Development()[pri:0, instance:com.unitech.psptech.testCases.HomePage_TS_001@1b75c2e3]" started-at="2023-06-17T13:58:34Z" name="TC_002_Mouse_Over_Software_Development" finished-at="2023-06-17T13:58:37Z" duration-ms="3258" status="PASS">
          <reporter-output>
          </reporter-output>
        </test-method> <!-- TC_002_Mouse_Over_Software_Development -->
        <test-method is-config="true" signature="tearDown()[pri:0, instance:com.unitech.psptech.testCases.HomePage_TS_001@1b75c2e3]" started-at="2023-06-17T13:58:37Z" name="tearDown" finished-at="2023-06-17T13:58:37Z" duration-ms="1" status="PASS">
          <reporter-output>
          </reporter-output>
        </test-method> <!-- tearDown -->
      </class> <!-- com.unitech.psptech.testCases.HomePage_TS_001 -->
    </test> <!-- Default test -->
  </suite> <!-- Default suite -->
</testng-results>
